[0.000000] (-) TimerEvent: {}
[0.000347] (autonav_filters) JobQueued: {'identifier': 'autonav_filters', 'dependencies': OrderedDict()}
[0.000708] (autonav_filters) JobStarted: {'identifier': 'autonav_filters'}
[0.007270] (autonav_filters) JobProgress: {'identifier': 'autonav_filters', 'progress': 'cmake'}
[0.007644] (autonav_filters) JobProgress: {'identifier': 'autonav_filters', 'progress': 'build'}
[0.008175] (autonav_filters) Command: {'cmd': ['/usr/bin/cmake', '--build', '/home/tony/autonav_software_2024/autonav_ws/build/autonav_filters', '--', '-j12', '-l12'], 'cwd': '/home/tony/autonav_software_2024/autonav_ws/build/autonav_filters', 'env': OrderedDict([('LESSOPEN', '| /usr/bin/lesspipe %s'), ('USER', 'tony'), ('XDG_SESSION_TYPE', 'wayland'), ('SHLVL', '1'), ('LD_LIBRARY_PATH', '/opt/ros/humble/opt/rviz_ogre_vendor/lib:/opt/ros/humble/lib/x86_64-linux-gnu:/opt/ros/humble/lib'), ('HOME', '/home/tony'), ('OLDPWD', '/home/tony/autonav_software_2024/autonav_ws/autonav_filters'), ('DESKTOP_SESSION', 'ubuntu'), ('ROS_PYTHON_VERSION', '3'), ('GNOME_SHELL_SESSION_MODE', 'ubuntu'), ('GTK_MODULES', 'gail:atk-bridge'), ('SYSTEMD_EXEC_PID', '1922'), ('DBUS_SESSION_BUS_ADDRESS', 'unix:path=/run/user/1000/bus'), ('COLORTERM', 'truecolor'), ('IM_CONFIG_PHASE', '1'), ('WAYLAND_DISPLAY', 'wayland-0'), ('COLCON_PREFIX_PATH', '/home/tony/autonav_software_2024/autonav_ws/install'), ('ROS_DISTRO', 'humble'), ('LOGNAME', 'tony'), ('_', '/usr/bin/colcon'), ('ROS_VERSION', '2'), ('XDG_SESSION_CLASS', 'user'), ('USERNAME', 'tony'), ('TERM', 'xterm-256color'), ('GNOME_DESKTOP_SESSION_ID', 'this-is-deprecated'), ('ROS_LOCALHOST_ONLY', '0'), ('PATH', '/opt/ros/humble/bin:/usr/local/sbin:/usr/local/bin:/usr/sbin:/usr/bin:/sbin:/bin:/usr/games:/usr/local/games:/snap/bin:/snap/bin'), ('SESSION_MANAGER', 'local/myPC:@/tmp/.ICE-unix/1781,unix/myPC:/tmp/.ICE-unix/1781'), ('XDG_MENU_PREFIX', 'gnome-'), ('GNOME_TERMINAL_SCREEN', '/org/gnome/Terminal/screen/0435576d_9fc7_4302_a31d_fb1a4f482885'), ('GNOME_SETUP_DISPLAY', ':1'), ('XDG_RUNTIME_DIR', '/run/user/1000'), ('DISPLAY', ':0'), ('LANG', 'en_US.UTF-8'), ('XDG_CURRENT_DESKTOP', 'ubuntu:GNOME'), ('XMODIFIERS', '@im=ibus'), ('XDG_SESSION_DESKTOP', 'ubuntu'), ('XAUTHORITY', '/run/user/1000/.mutter-Xwaylandauth.ANGBA2'), ('LS_COLORS', 'rs=0:di=01;34:ln=01;36:mh=00:pi=40;33:so=01;35:do=01;35:bd=40;33;01:cd=40;33;01:or=40;31;01:mi=00:su=37;41:sg=30;43:ca=30;41:tw=30;42:ow=34;42:st=37;44:ex=01;32:*.tar=01;31:*.tgz=01;31:*.arc=01;31:*.arj=01;31:*.taz=01;31:*.lha=01;31:*.lz4=01;31:*.lzh=01;31:*.lzma=01;31:*.tlz=01;31:*.txz=01;31:*.tzo=01;31:*.t7z=01;31:*.zip=01;31:*.z=01;31:*.dz=01;31:*.gz=01;31:*.lrz=01;31:*.lz=01;31:*.lzo=01;31:*.xz=01;31:*.zst=01;31:*.tzst=01;31:*.bz2=01;31:*.bz=01;31:*.tbz=01;31:*.tbz2=01;31:*.tz=01;31:*.deb=01;31:*.rpm=01;31:*.jar=01;31:*.war=01;31:*.ear=01;31:*.sar=01;31:*.rar=01;31:*.alz=01;31:*.ace=01;31:*.zoo=01;31:*.cpio=01;31:*.7z=01;31:*.rz=01;31:*.cab=01;31:*.wim=01;31:*.swm=01;31:*.dwm=01;31:*.esd=01;31:*.jpg=01;35:*.jpeg=01;35:*.mjpg=01;35:*.mjpeg=01;35:*.gif=01;35:*.bmp=01;35:*.pbm=01;35:*.pgm=01;35:*.ppm=01;35:*.tga=01;35:*.xbm=01;35:*.xpm=01;35:*.tif=01;35:*.tiff=01;35:*.png=01;35:*.svg=01;35:*.svgz=01;35:*.mng=01;35:*.pcx=01;35:*.mov=01;35:*.mpg=01;35:*.mpeg=01;35:*.m2v=01;35:*.mkv=01;35:*.webm=01;35:*.webp=01;35:*.ogm=01;35:*.mp4=01;35:*.m4v=01;35:*.mp4v=01;35:*.vob=01;35:*.qt=01;35:*.nuv=01;35:*.wmv=01;35:*.asf=01;35:*.rm=01;35:*.rmvb=01;35:*.flc=01;35:*.avi=01;35:*.fli=01;35:*.flv=01;35:*.gl=01;35:*.dl=01;35:*.xcf=01;35:*.xwd=01;35:*.yuv=01;35:*.cgm=01;35:*.emf=01;35:*.ogv=01;35:*.ogx=01;35:*.aac=00;36:*.au=00;36:*.flac=00;36:*.m4a=00;36:*.mid=00;36:*.midi=00;36:*.mka=00;36:*.mp3=00;36:*.mpc=00;36:*.ogg=00;36:*.ra=00;36:*.wav=00;36:*.oga=00;36:*.opus=00;36:*.spx=00;36:*.xspf=00;36:'), ('GNOME_TERMINAL_SERVICE', ':1.521'), ('SSH_AGENT_LAUNCHER', 'gnome-keyring'), ('SSH_AUTH_SOCK', '/run/user/1000/keyring/ssh'), ('AMENT_PREFIX_PATH', '/home/tony/autonav_software_2024/autonav_ws/install/autonav_filters:/opt/ros/humble'), ('SHELL', '/bin/bash'), ('QT_ACCESSIBILITY', '1'), ('GDMSESSION', 'ubuntu'), ('LESSCLOSE', '/usr/bin/lesspipe %s %s'), ('QT_IM_MODULE', 'ibus'), ('PWD', '/home/tony/autonav_software_2024/autonav_ws/build/autonav_filters'), ('XDG_CONFIG_DIRS', '/etc/xdg/xdg-ubuntu:/etc/xdg'), ('XDG_DATA_DIRS', '/usr/share/ubuntu:/usr/local/share/:/usr/share/:/var/lib/snapd/desktop'), ('PYTHONPATH', '/opt/ros/humble/lib/python3.10/site-packages:/opt/ros/humble/local/lib/python3.10/dist-packages'), ('COLCON', '1'), ('VTE_VERSION', '6800'), ('CMAKE_PREFIX_PATH', '/home/tony/autonav_software_2024/autonav_ws/install/autonav_filters')]), 'shell': False}
[0.022134] (autonav_filters) StderrLine: {'line': b'\x1b[33mCMake Warning (dev) in CMakeLists.txt:\n'}
[0.022323] (autonav_filters) StderrLine: {'line': b'  No project() command is present.  The top-level CMakeLists.txt file must\n'}
[0.022403] (autonav_filters) StderrLine: {'line': b'  contain a literal, direct call to the project() command.  Add a line of\n'}
[0.022471] (autonav_filters) StderrLine: {'line': b'  code such as\n'}
[0.022537] (autonav_filters) StderrLine: {'line': b'\n'}
[0.022605] (autonav_filters) StderrLine: {'line': b'    project(ProjectName)\n'}
[0.022677] (autonav_filters) StderrLine: {'line': b'\n'}
[0.022746] (autonav_filters) StderrLine: {'line': b'  near the top of the file, but after cmake_minimum_required().\n'}
[0.022817] (autonav_filters) StderrLine: {'line': b'\n'}
[0.022882] (autonav_filters) StderrLine: {'line': b'  CMake is pretending there is a "project(Project)" command on the first\n'}
[0.022949] (autonav_filters) StderrLine: {'line': b'  line.\n'}
[0.023018] (autonav_filters) StderrLine: {'line': b'This warning is for project developers.  Use -Wno-dev to suppress it.\n'}
[0.023089] (autonav_filters) StderrLine: {'line': b'\x1b[0m\n'}
[0.026690] (autonav_filters) StdoutLine: {'line': b'-- Found ament_cmake: 1.3.5 (/opt/ros/humble/share/ament_cmake/cmake)\n'}
[0.099830] (-) TimerEvent: {}
[0.119744] (autonav_filters) StdoutLine: {'line': b'-- Found rclcpp: 16.0.5 (/opt/ros/humble/share/rclcpp/cmake)\n'}
[0.141329] (autonav_filters) StdoutLine: {'line': b'-- Found rosidl_generator_c: 3.1.5 (/opt/ros/humble/share/rosidl_generator_c/cmake)\n'}
[0.143287] (autonav_filters) StdoutLine: {'line': b'-- Found rosidl_adapter: 3.1.5 (/opt/ros/humble/share/rosidl_adapter/cmake)\n'}
[0.147903] (autonav_filters) StdoutLine: {'line': b'-- Found rosidl_generator_cpp: 3.1.5 (/opt/ros/humble/share/rosidl_generator_cpp/cmake)\n'}
[0.156819] (autonav_filters) StdoutLine: {'line': b'-- Using all available rosidl_typesupport_c: rosidl_typesupport_fastrtps_c;rosidl_typesupport_introspection_c\n'}
[0.169488] (autonav_filters) StdoutLine: {'line': b'-- Using all available rosidl_typesupport_cpp: rosidl_typesupport_fastrtps_cpp;rosidl_typesupport_introspection_cpp\n'}
[0.199890] (-) TimerEvent: {}
[0.218045] (autonav_filters) StdoutLine: {'line': b'-- Found rmw_implementation_cmake: 6.1.1 (/opt/ros/humble/share/rmw_implementation_cmake/cmake)\n'}
[0.219001] (autonav_filters) StdoutLine: {'line': b'-- Found rmw_fastrtps_cpp: 6.2.3 (/opt/ros/humble/share/rmw_fastrtps_cpp/cmake)\n'}
[0.299971] (-) TimerEvent: {}
[0.307458] (autonav_filters) StdoutLine: {'line': b"-- Using RMW implementation 'rmw_fastrtps_cpp' as default\n"}
[0.400070] (-) TimerEvent: {}
[0.446102] (autonav_filters) StdoutLine: {'line': b'-- Found rclpy: 3.3.9 (/opt/ros/humble/share/rclpy/cmake)\n'}
[0.446225] (autonav_filters) StdoutLine: {'line': b'-- Found rosidl_default_generators: 1.2.0 (/opt/ros/humble/share/rosidl_default_generators/cmake)\n'}
[0.451554] (autonav_filters) StdoutLine: {'line': b'-- Found ament_lint_auto: 0.12.7 (/opt/ros/humble/share/ament_lint_auto/cmake)\n'}
[0.488262] (autonav_filters) StderrLine: {'line': b"Error parsing '/home/tony/autonav_software_2024/autonav_ws/autonav_filters/package.xml':\n"}
[0.500142] (-) TimerEvent: {}
[0.521126] (autonav_filters) StderrLine: {'line': b'Traceback (most recent call last):\n'}
[0.521280] (autonav_filters) StderrLine: {'line': b'  File "/opt/ros/humble/share/ament_cmake_core/cmake/core/package_xml_2_cmake.py", line 150, in <module>\n'}
[0.521365] (autonav_filters) StderrLine: {'line': b'    main()\n'}
[0.521444] (autonav_filters) StderrLine: {'line': b'  File "/opt/ros/humble/share/ament_cmake_core/cmake/core/package_xml_2_cmake.py", line 53, in main\n'}
[0.521505] (autonav_filters) StderrLine: {'line': b'    raise e\n'}
[0.521563] (autonav_filters) StderrLine: {'line': b'  File "/opt/ros/humble/share/ament_cmake_core/cmake/core/package_xml_2_cmake.py", line 49, in main\n'}
[0.521616] (autonav_filters) StderrLine: {'line': b'    package = parse_package_string(\n'}
[0.521667] (autonav_filters) StderrLine: {'line': b'  File "/usr/lib/python3/dist-packages/catkin_pkg/package.py", line 788, in parse_package_string\n'}
[0.521715] (autonav_filters) StderrLine: {'line': b'    pkg.validate(warnings=warnings)\n'}
[0.521759] (autonav_filters) StderrLine: {'line': b'  File "/usr/lib/python3/dist-packages/catkin_pkg/package.py", line 330, in validate\n'}
[0.521804] (autonav_filters) StderrLine: {'line': b"    raise InvalidPackage('\\n'.join(errors), self.filename)\n"}
[0.521849] (autonav_filters) StderrLine: {'line': b"catkin_pkg.package.InvalidPackage: Error(s) in package '/home/tony/autonav_software_2024/autonav_ws/autonav_filters/package.xml':\n"}
[0.521896] (autonav_filters) StderrLine: {'line': b'Package name "TODO: Add package name" does not follow naming conventions\n'}
[0.532144] (autonav_filters) StderrLine: {'line': b'\x1b[31mCMake Error at /opt/ros/humble/share/ament_cmake_core/cmake/core/ament_package_xml.cmake:95 (message):\n'}
[0.532340] (autonav_filters) StderrLine: {'line': b'  execute_process(/usr/bin/python3.10\n'}
[0.532411] (autonav_filters) StderrLine: {'line': b'  /opt/ros/humble/share/ament_cmake_core/cmake/core/package_xml_2_cmake.py\n'}
[0.532475] (autonav_filters) StderrLine: {'line': b'  /home/tony/autonav_software_2024/autonav_ws/autonav_filters/package.xml\n'}
[0.532540] (autonav_filters) StderrLine: {'line': b'  /home/tony/autonav_software_2024/autonav_ws/build/autonav_filters/ament_cmake_core/package.cmake)\n'}
[0.532604] (autonav_filters) StderrLine: {'line': b'  returned error code 1\n'}
[0.532667] (autonav_filters) StderrLine: {'line': b'Call Stack (most recent call first):\n'}
[0.532730] (autonav_filters) StderrLine: {'line': b'  /opt/ros/humble/share/ament_cmake_core/cmake/core/ament_package_xml.cmake:49 (_ament_package_xml)\n'}
[0.532794] (autonav_filters) StderrLine: {'line': b'  /opt/ros/humble/share/ament_lint_auto/cmake/ament_lint_auto_find_test_dependencies.cmake:31 (ament_package_xml)\n'}
[0.532858] (autonav_filters) StderrLine: {'line': b'  CMakeLists.txt:64 (ament_lint_auto_find_test_dependencies)\n'}
[0.532922] (autonav_filters) StderrLine: {'line': b'\n'}
[0.532985] (autonav_filters) StderrLine: {'line': b'\x1b[0m\n'}
[0.533049] (autonav_filters) StdoutLine: {'line': b'-- Configuring incomplete, errors occurred!\n'}
[0.533118] (autonav_filters) StdoutLine: {'line': b'See also "/home/tony/autonav_software_2024/autonav_ws/build/autonav_filters/CMakeFiles/CMakeOutput.log".\n'}
[0.537371] (autonav_filters) StderrLine: {'line': b'gmake: *** [Makefile:267: cmake_check_build_system] Error 1\n'}
[0.538823] (autonav_filters) CommandEnded: {'returncode': 2}
[0.539135] (autonav_filters) JobEnded: {'identifier': 'autonav_filters', 'rc': 2}
[0.549144] (-) EventReactorShutdown: {}
